{
  "stats": {
    "suites": 1,
    "tests": 4,
    "passes": 4,
    "pending": 0,
    "failures": 0,
    "start": "2024-08-23T18:04:12.381Z",
    "end": "2024-08-23T18:04:40.506Z",
    "duration": 28125,
    "testsRegistered": 4,
    "passPercent": 100,
    "pendingPercent": 0,
    "other": 0,
    "hasOther": false,
    "skipped": 0,
    "hasSkipped": false
  },
  "results": [
    {
      "uuid": "a119848b-bc51-4b08-b9c1-36f29a39aeb5",
      "title": "",
      "fullFile": "cypress\\e2e\\Login.cy.js",
      "file": "cypress\\e2e\\Login.cy.js",
      "beforeHooks": [],
      "afterHooks": [],
      "tests": [],
      "suites": [
        {
          "uuid": "c126b39d-6768-48d9-a36a-c423a8d57ea9",
          "title": "Given I am on the product page",
          "fullFile": "",
          "file": "",
          "beforeHooks": [],
          "afterHooks": [],
          "tests": [
            {
              "title": "Verify user can login",
              "fullTitle": "Given I am on the product page Verify user can login",
              "timedOut": null,
              "duration": 7793,
              "state": "passed",
              "speed": "medium",
              "pass": true,
              "fail": false,
              "pending": false,
              "context": null,
              "code": "cy.get(Login.usernameField).type(Login.username);\ncy.get(Login.passwordField).type(Login.password);\ncy.get(Login.loginBtn).click();",
              "err": {},
              "uuid": "06815525-ef80-496b-88d0-f147773ad86a",
              "parentUUID": "c126b39d-6768-48d9-a36a-c423a8d57ea9",
              "isHook": false,
              "skipped": false
            },
            {
              "title": "Verify user can sort by Name A - Z",
              "fullTitle": "Given I am on the product page Verify user can sort by Name A - Z",
              "timedOut": null,
              "duration": 1396,
              "state": "passed",
              "speed": "fast",
              "pass": true,
              "fail": false,
              "pending": false,
              "context": null,
              "code": "cy.get(Login.usernameField).type(Login.username);\ncy.get(Login.passwordField).type(Login.password);\ncy.get(Login.loginBtn).click();\ncy.contains('Name (A to Z)').should(\"be.visible\");",
              "err": {},
              "uuid": "1a536e5b-87b4-443a-aeee-afe2aab7462e",
              "parentUUID": "c126b39d-6768-48d9-a36a-c423a8d57ea9",
              "isHook": false,
              "skipped": false
            },
            {
              "title": "Verify user can change the sort sorting by Name (Z - A)",
              "fullTitle": "Given I am on the product page Verify user can change the sort sorting by Name (Z - A)",
              "timedOut": null,
              "duration": 1668,
              "state": "passed",
              "speed": "fast",
              "pass": true,
              "fail": false,
              "pending": false,
              "context": null,
              "code": "cy.get(Login.usernameField).type(Login.username);\ncy.get(Login.passwordField).type(Login.password);\ncy.get(Login.loginBtn).click();\ncy.get(Login.sortBtn).select('Name (Z to A)');\ncy.contains('Name (Z to A)').should(\"be.visible\");",
              "err": {},
              "uuid": "83899802-cc64-4ef1-9973-37824f682c08",
              "parentUUID": "c126b39d-6768-48d9-a36a-c423a8d57ea9",
              "isHook": false,
              "skipped": false
            },
            {
              "title": "Verify that items are sorted correctly",
              "fullTitle": "Given I am on the product page Verify that items are sorted correctly",
              "timedOut": null,
              "duration": 16892,
              "state": "passed",
              "speed": "slow",
              "pass": true,
              "fail": false,
              "pending": false,
              "context": null,
              "code": "cy.get(Login.usernameField).type(Login.username);\ncy.get(Login.passwordField).type(Login.password);\ncy.get(Login.loginBtn).click();\ncy.wait(5000);\ncy.get(Login.sortBtn).select('Name (Z to A)');\ncy.wait(5000);\ncy.contains('Name (Z to A)').should(\"be.visible\");\ncy.wait(5000);\ncy.contains('Test.allTheThings() T-Shirt (Red)').should(\"be.visible\");",
              "err": {},
              "uuid": "e176dc01-91db-4890-a40a-0ea9174915e7",
              "parentUUID": "c126b39d-6768-48d9-a36a-c423a8d57ea9",
              "isHook": false,
              "skipped": false
            }
          ],
          "suites": [],
          "passes": [
            "06815525-ef80-496b-88d0-f147773ad86a",
            "1a536e5b-87b4-443a-aeee-afe2aab7462e",
            "83899802-cc64-4ef1-9973-37824f682c08",
            "e176dc01-91db-4890-a40a-0ea9174915e7"
          ],
          "failures": [],
          "pending": [],
          "skipped": [],
          "duration": 27749,
          "root": false,
          "rootEmpty": false,
          "_timeout": 2000
        }
      ],
      "passes": [],
      "failures": [],
      "pending": [],
      "skipped": [],
      "duration": 0,
      "root": true,
      "rootEmpty": true,
      "_timeout": 2000
    }
  ],
  "meta": {
    "mocha": {
      "version": "7.0.1"
    },
    "mochawesome": {
      "options": {
        "quiet": false,
        "reportFilename": "test-report",
        "saveHtml": true,
        "saveJson": true,
        "consoleReporter": "spec",
        "useInlineDiffs": false,
        "code": true
      },
      "version": "7.1.3"
    },
    "marge": {
      "options": {
        "reportDir": "cypress/reports",
        "overwrite": false,
        "html": true,
        "json": true,
        "reportFilename": "test-report"
      },
      "version": "6.2.0"
    }
  }
}